<?xml version="1.0" encoding="UTF-8"?>
<testsuite xmlns:xsi="http://www.w3.org/2001/XMLSchema-instance" xsi:noNamespaceSchemaLocation="https://maven.apache.org/surefire/maven-surefire-plugin/xsd/surefire-test-report.xsd" name="ru.yandex.practicum.input.ChromeInputTest" time="48.284" tests="4" errors="0" skipped="0" failures="0">
  <properties>
[...]
</properties>
  <testcase name="checkInputByPersonalAccountButton" classname="ru.yandex.practicum.input.ChromeInputTest" time="10.302"/>
  <testcase name="checkInputByRecoverPassword" classname="ru.yandex.practicum.input.ChromeInputTest" time="11.916"/>
  <testcase name="checkInputByRegistration" classname="ru.yandex.practicum.input.ChromeInputTest" time="10.987"/>
  <testcase name="checkInputByLoginAccountButton" classname="ru.yandex.practicum.input.ChromeInputTest" time="15.068"/>
</testsuite>